<?xml version="1.0" encoding="UTF-8"?>
<testng-results skipped="0" failed="0" ignored="0" total="1" passed="1">
  <reporter-output>
  </reporter-output>
  <suite name="Default suite" duration-ms="42321" started-at="2019-03-25T10:36:16Z" finished-at="2019-03-25T10:36:58Z">
    <groups>
    </groups>
    <test name="Default test" duration-ms="42321" started-at="2019-03-25T10:36:16Z" finished-at="2019-03-25T10:36:58Z">
      <class name="testngvariations.HdfcInsurance">
        <test-method status="PASS" signature="hdfcnavigation()[pri:0, instance:testngvariations.HdfcInsurance@724af044]" name="hdfcnavigation" duration-ms="42290" started-at="2019-03-25T10:36:16Z" finished-at="2019-03-25T10:36:58Z">
          <reporter-output>
          </reporter-output>
        </test-method> <!-- hdfcnavigation -->
      </class> <!-- testngvariations.HdfcInsurance -->
    </test> <!-- Default test -->
  </suite> <!-- Default suite -->
</testng-results>
