<?xml version="1.0" encoding="UTF-8"?>
<testng-results skipped="0" failed="0" ignored="0" total="2" passed="2">
  <reporter-output>
  </reporter-output>
  <suite name="Default suite" duration-ms="35970" started-at="2019-03-25T04:53:10Z" finished-at="2019-03-25T04:53:46Z">
    <groups>
    </groups>
    <test name="Default test" duration-ms="35970" started-at="2019-03-25T04:53:10Z" finished-at="2019-03-25T04:53:46Z">
      <class name="testngvariations.TestngDataprivder">
        <test-method status="PASS" signature="rediffLogin(java.lang.String, java.lang.String)[pri:0, instance:testngvariations.TestngDataprivder@6767c1fc]" name="rediffLogin" duration-ms="19512" started-at="2019-03-25T04:53:10Z" data-provider="getdata" finished-at="2019-03-25T04:53:30Z">
          <params>
            <param index="0">
              <value>
                <![CDATA[sumit]]>
              </value>
            </param>
            <param index="1">
              <value>
                <![CDATA[pass]]>
              </value>
            </param>
          </params>
          <reporter-output>
          </reporter-output>
        </test-method> <!-- rediffLogin -->
        <test-method status="PASS" signature="rediffLogin(java.lang.String, java.lang.String)[pri:0, instance:testngvariations.TestngDataprivder@6767c1fc]" name="rediffLogin" duration-ms="16427" started-at="2019-03-25T04:53:30Z" data-provider="getdata" finished-at="2019-03-25T04:53:46Z">
          <params>
            <param index="0">
              <value>
                <![CDATA[neha]]>
              </value>
            </param>
            <param index="1">
              <value>
                <![CDATA[nehap]]>
              </value>
            </param>
          </params>
          <reporter-output>
          </reporter-output>
        </test-method> <!-- rediffLogin -->
      </class> <!-- testngvariations.TestngDataprivder -->
    </test> <!-- Default test -->
  </suite> <!-- Default suite -->
</testng-results>
